<?xml version="1.0" encoding="UTF-8"?>
<testsuite xmlns:xsi="http://www.w3.org/2001/XMLSchema-instance" xsi:noNamespaceSchemaLocation="https://maven.apache.org/surefire/maven-surefire-plugin/xsd/surefire-test-report.xsd" name="com.example.communicationapp.model.PlayerTest" time="0.16" tests="7" errors="0" skipped="0" failures="0">
  <properties>
[...]
</properties>
  <testcase name="testStopCommunication" classname="com.example.communicationapp.model.PlayerTest" time="0.05"/>
  <testcase name="testMaximumMessageLimit" classname="com.example.communicationapp.model.PlayerTest" time="0.025"/>
  <testcase name="testMessageStatisticsOutput" classname="com.example.communicationapp.model.PlayerTest" time="0.024"/>
  <testcase name="testSendMessage" classname="com.example.communicationapp.model.PlayerTest" time="0.002"/>
  <testcase name="testThreadSafetyOfRunningFlag" classname="com.example.communicationapp.model.PlayerTest" time="0.007"/>
  <testcase name="testReceiveMessageAndReply" classname="com.example.communicationapp.model.PlayerTest" time="0.04"/>
  <testcase name="testSetRunningThreadSafety" classname="com.example.communicationapp.model.PlayerTest" time="0.003"/>
</testsuite>